<?xml version="1.0" encoding="UTF-8"?>
<!-- Generated by org.testng.reporters.JUnitReportReporter -->
<testsuite hostname="DS-448A5BBFFC98" name="com.org.cnnexpansion.projectFileTest" tests="1" failures="0" timestamp="16 Oct 2015 02:35:10 GMT" time="91.334" errors="0">
  <testcase name="launchurlchrome" time="91.334" classname="com.org.cnnexpansion.projectFileTest"/>
</testsuite> <!-- com.org.cnnexpansion.projectFileTest -->
