<?xml version="1.0" encoding="UTF-8"?>
<!-- Generated by org.testng.reporters.JUnitReportReporter -->
<testsuite hostname="DS-448A5BBFFC98" name="com.org.cnnexpansion.projectFileTest" tests="1" failures="0" timestamp="6 Nov 2015 00:03:43 GMT" time="80.330" errors="0">
  <testcase name="launchurlchrome" time="80.330" classname="com.org.cnnexpansion.projectFileTest"/>
</testsuite> <!-- com.org.cnnexpansion.projectFileTest -->
